current directory: /Users/justin/Documents/Coding/lord0fbytes.github.io/vendor/bundle/ruby/4.0.0/gems/eventmachine-1.2.7/ext
/opt/homebrew/opt/ruby/bin/ruby extconf.rb
checking for pkg-config for openssl... ["-I/opt/homebrew/Cellar/openssl@3/3.6.1/include ", "-L/opt/homebrew/Cellar/openssl@3/3.6.1/lib", "-lssl -lcrypto"]
-----
Using OpenSSL from pkg-config -I/opt/homebrew/Cellar/openssl@3/3.6.1/include  && -L/opt/homebrew/Cellar/openssl@3/3.6.1/lib && -lssl -lcrypto
-----
checking for -lcrypto... yes
checking for -lssl... yes
checking for openssl/ssl.h... yes
checking for openssl/err.h... yes
checking for rb_trap_immediate in ruby.h,rubysig.h... no
checking for rb_thread_blocking_region()... no
checking for rb_thread_call_without_gvl() in ruby/thread.h... yes
checking for rb_thread_fd_select()... yes
checking for rb_fdset_t in ruby/intern.h... yes
checking for rb_wait_for_single_fd()... yes
checking for rb_enable_interrupt()... no
checking for rb_time_new()... yes
checking for inotify_init() in sys/inotify.h... no
checking for __NR_inotify_init in sys/syscall.h... no
checking for writev() in sys/uio.h... yes
checking for pipe2() in unistd.h... no
checking for accept4() in sys/socket.h... no
checking for SOCK_CLOEXEC in sys/socket.h... no
checking for sys/event.h... yes
checking for sys/queue.h... yes
checking for clock_gettime()... yes
checking for CLOCK_MONOTONIC_RAW in time.h... yes
checking for CLOCK_MONOTONIC in time.h... yes
CXXFLAGS=-fdeclspec
creating Makefile

current directory: /Users/justin/Documents/Coding/lord0fbytes.github.io/vendor/bundle/ruby/4.0.0/gems/eventmachine-1.2.7/ext
make -j9 DESTDIR\= sitearchdir\=./.gem.20260210-15608-twlh18 sitelibdir\=./.gem.20260210-15608-twlh18 clean

current directory: /Users/justin/Documents/Coding/lord0fbytes.github.io/vendor/bundle/ruby/4.0.0/gems/eventmachine-1.2.7/ext
make -j9 DESTDIR\= sitearchdir\=./.gem.20260210-15608-twlh18 sitelibdir\=./.gem.20260210-15608-twlh18
compiling cmain.cpp
compiling em.cpp
compiling ed.cpp
compiling binder.cpp
compiling kb.cpp
compiling page.cpp
compiling pipe.cpp
compiling rubymain.cpp
compiling ssl.cpp
In file included from em.cpp:23:
./project.h:25:10: fatal error: 'iostream' file not found
   25 | #include <iostream>
      |          ^~~~~~~~~~
In file included from ed.cpp:20:
./project.h:25:10: fatal error: 'iostream' file not found
   25 | #include <iostream>
      |          ^~~~~~~~~~
In file included from kb.cpp:20:
./project.h:25:10: fatal error: 'iostream' file not found
   25 | #include <iostream>
      |          ^~~~~~~~~~
In file included from pipe.cpp:20:
./project.h:25:10: fatal error: 'iostream' file not found
   25 | #include <iostream>
      |          ^~~~~~~~~~
In file included from page.cpp:21:
./project.h:25:10: fatal error: 'iostream' file not found
   25 | #include <iostream>
      |          ^~~~~~~~~~
In file included from cmain.cpp:20:
./project.h:25:10: fatal error: 'iostream' file not found
   25 | #include <iostream>
      |          ^~~~~~~~~~
In file included from binder.cpp:20:
./project.h:25:10: fatal error: 'iostream' file not found
   25 | #include <iostream>
      |          ^~~~~~~~~~
In file included from In file included from rubymain.cpp:20:
./project.h:25:10: fatal error: 'iostream' file not found
   25 | #include <iostream>
      |          ^~~~~~~~~~
ssl.cpp:23:
./project.h:25:10: fatal error: 'iostream' file not found
   25 | #include <iostream>
      |          ^~~~~~~~~~
1 error generated.
make: *** [binder.o] Error 1
make: *** Waiting for unfinished jobs....
1 error generated.
make: *** [rubymain.o] Error 1
1 error generated.
make: *** [em.o] Error 1
1 error generated.
make: *** [ed.o] Error 1
1 error generated.
make: *** [kb.o] Error 1
1 error generated.
make: *** [page.o] Error 1
1 error generated.
1 error generated.
make: *** [ssl.o] Error 1
make: *** [cmain.o] Error 1
1 error generated.
make: *** [pipe.o] Error 1

make failed, exit code 2
